#
# There is insufficient memory for the Java Runtime Environment to continue.
# Native memory allocation (malloc) failed to allocate 552336 bytes for Chunk::new
# Possible reasons:
#   The system is out of physical RAM or swap space
#   In 32 bit mode, the process size limit was hit
# Possible solutions:
#   Reduce memory load on the system
#   Increase physical memory or swap space
#   Check if swap backing store is full
#   Use 64 bit Java on a 64 bit OS
#   Decrease Java heap size (-Xmx/-Xms)
#   Decrease number of Java threads
#   Decrease Java thread stack sizes (-Xss)
#   Set larger code cache with -XX:ReservedCodeCacheSize=
# This output file may be truncated or incomplete.
#
#  Out of Memory Error (allocation.cpp:390), pid=36016, tid=0x00000000000077f4
#
# JRE version: Java(TM) SE Runtime Environment (8.0_181-b13) (build 1.8.0_181-b13)
# Java VM: Java HotSpot(TM) 64-Bit Server VM (25.181-b13 mixed mode windows-amd64 compressed oops)
# Failed to write core dump. Minidumps are not enabled by default on client versions of Windows
#

---------------  T H R E A D  ---------------

Current thread (0x00000000186f2000):  JavaThread "C2 CompilerThread0" daemon [_thread_in_native, id=30708, stack(0x0000000018d70000,0x0000000018e70000)]

Stack: [0x0000000018d70000,0x0000000018e70000]
[error occurred during error reporting (printing stack bounds), id 0xc0000005]

Native frames: (J=compiled Java code, j=interpreted, Vv=VM code, C=native code)


Current CompileTask:
C2:   1838 1227       4       java.io.WinNTFileSystem::normalize (143 bytes)


---------------  P R O C E S S  ---------------

Java Threads: ( => current thread )
  0x00000000199e4800 JavaThread "/127.0.0.1:64704 to /127.0.0.1:64703 workers Thread 3" [_thread_in_native, id=10992, stack(0x000000001ae40000,0x000000001af40000)]
  0x0000000019e8d800 JavaThread "/127.0.0.1:64704 to /127.0.0.1:64703 workers Thread 2" [_thread_blocked, id=6752, stack(0x000000001ad40000,0x000000001ae40000)]
  0x0000000019e93000 JavaThread "/127.0.0.1:64704 to /127.0.0.1:64703 workers" [_thread_in_native, id=31336, stack(0x000000001ac40000,0x000000001ad40000)]
  0x0000000019cbb800 JavaThread "Memory manager" [_thread_blocked, id=33340, stack(0x000000001ab40000,0x000000001ac40000)]
  0x000000001877a800 JavaThread "Service Thread" daemon [_thread_blocked, id=10852, stack(0x0000000019070000,0x0000000019170000)]
  0x00000000186fd000 JavaThread "C1 CompilerThread2" daemon [_thread_blocked, id=25652, stack(0x0000000018f70000,0x0000000019070000)]
  0x00000000186f4000 JavaThread "C2 CompilerThread1" daemon [_thread_in_native, id=26476, stack(0x0000000018e70000,0x0000000018f70000)]
=>0x00000000186f2000 JavaThread "C2 CompilerThread0" daemon [_thread_in_native, id=30708, stack(0x0000000018d70000,0x0000000018e70000)]
  0x00000000186f0800 JavaThread "Attach Listener" daemon [_thread_blocked, id=31144, stack(0x0000000018c70000,0x0000000018d70000)]
  0x00000000186d9000 JavaThread "Signal Dispatcher" daemon [_thread_blocked, id=24200, stack(0x0000000018b70000,0x0000000018c70000)]
  0x0000000002c2d000 JavaThread "Finalizer" daemon [_thread_blocked, id=27612, stack(0x00000000185c0000,0x00000000186c0000)]
  0x0000000017319000 JavaThread "Reference Handler" daemon [_thread_blocked, id=32272, stack(0x00000000184c0000,0x00000000185c0000)]
  0x0000000002b2e000 JavaThread "main" [_thread_blocked, id=40652, stack(0x0000000002960000,0x0000000002a60000)]

Other Threads:
  0x0000000017317800 VMThread [stack: 0x00000000183c0000,0x00000000184c0000] [id=39824]
  0x00000000187a2000 WatcherThread [stack: 0x0000000019170000,0x0000000019270000] [id=34836]

VM state:not at safepoint (normal execution)

VM Mutex/Monitor currently owned by a thread: None

Heap:
 PSYoungGen      total 35840K, used 32532K [0x00000000d8300000, 0x00000000dab00000, 0x0000000100000000)
  eden space 30720K, 89% used [0x00000000d8300000,0x00000000d9dd2b38,0x00000000da100000)
  from space 5120K, 98% used [0x00000000da600000,0x00000000daaf27e0,0x00000000dab00000)
  to   space 5120K, 0% used [0x00000000da100000,0x00000000da100000,0x00000000da600000)
 ParOldGen       total 81920K, used 16K [0x0000000088800000, 0x000000008d800000, 0x00000000d8300000)
  object space 81920K, 0% used [0x0000000088800000,0x0000000088804000,0x000000008d800000)
 Metaspace       used 15783K, capacity 16170K, committed 16512K, reserved 1062912K
  class space    used 1986K, capacity 2106K, committed 2176K, reserved 1048576K

Card table byte_map: [0x0000000011ff0000,0x00000000123b0000] byte_map_base: 0x0000000011bac000

Marking Bits: (ParMarkBitMap*) 0x0000000068542d00
 Begin Bits: [0x0000000012a30000, 0x0000000014810000)
 End Bits:   [0x0000000014810000, 0x00000000165f0000)

Polling page: 0x0000000000df0000

CodeCache: size=245760Kb used=4318Kb max_used=4319Kb free=241441Kb
 bounds [0x0000000002c30000, 0x0000000003070000, 0x0000000011c30000]
 total_blobs=1583 nmethods=1228 adapters=268
 compilation: enabled

Compilation events (10 events):
Event: 1.800 Thread 0x00000000186f2000 nmethod 1224 0x000000000306a490 code [0x000000000306a620, 0x000000000306ad58]
Event: 1.800 Thread 0x00000000186f2000 1227       4       java.io.WinNTFileSystem::normalize (143 bytes)
Event: 1.807 Thread 0x00000000186fd000 1228       3       sun.reflect.generics.parser.SignatureParser::parseIdentifier (115 bytes)
Event: 1.808 Thread 0x00000000186fd000 nmethod 1228 0x0000000003060290 code [0x0000000003060500, 0x00000000030613c8]
Event: 1.808 Thread 0x00000000186fd000 1229       3       org.codehaus.groovy.util.AbstractConcurrentMap::segmentFor (9 bytes)
Event: 1.808 Thread 0x00000000186fd000 nmethod 1229 0x000000000305ef50 code [0x000000000305f0c0, 0x000000000305f390]
Event: 1.808 Thread 0x00000000186fd000 1231       3       org.codehaus.groovy.util.AbstractConcurrentMapBase::segmentFor (17 bytes)
Event: 1.808 Thread 0x00000000186fd000 nmethod 1231 0x000000000305c7d0 code [0x000000000305c920, 0x000000000305cab0]
Event: 1.809 Thread 0x00000000186fd000 1232       3       org.codehaus.groovy.util.LockableObject::unlock (7 bytes)
Event: 1.809 Thread 0x00000000186fd000 nmethod 1232 0x0000000003067e90 code [0x0000000003068020, 0x0000000003068418]

GC Heap History (4 events):
Event: 0.695 GC heap before
{Heap before GC invocations=1 (full 0):
 PSYoungGen      total 35840K, used 30720K [0x00000000d8300000, 0x00000000dab00000, 0x0000000100000000)
  eden space 30720K, 100% used [0x00000000d8300000,0x00000000da100000,0x00000000da100000)
  from space 5120K, 0% used [0x00000000da600000,0x00000000da600000,0x00000000dab00000)
  to   space 5120K, 0% used [0x00000000da100000,0x00000000da100000,0x00000000da600000)
 ParOldGen       total 81920K, used 0K [0x0000000088800000, 0x000000008d800000, 0x00000000d8300000)
  object space 81920K, 0% used [0x0000000088800000,0x0000000088800000,0x000000008d800000)
 Metaspace       used 6866K, capacity 7036K, committed 7168K, reserved 1056768K
  class space    used 848K, capacity 936K, committed 1024K, reserved 1048576K
Event: 0.700 GC heap after
Heap after GC invocations=1 (full 0):
 PSYoungGen      total 35840K, used 3181K [0x00000000d8300000, 0x00000000dab00000, 0x0000000100000000)
  eden space 30720K, 0% used [0x00000000d8300000,0x00000000d8300000,0x00000000da100000)
  from space 5120K, 62% used [0x00000000da100000,0x00000000da41b628,0x00000000da600000)
  to   space 5120K, 0% used [0x00000000da600000,0x00000000da600000,0x00000000dab00000)
 ParOldGen       total 81920K, used 8K [0x0000000088800000, 0x000000008d800000, 0x00000000d8300000)
  object space 81920K, 0% used [0x0000000088800000,0x0000000088802000,0x000000008d800000)
 Metaspace       used 6866K, capacity 7036K, committed 7168K, reserved 1056768K
  class space    used 848K, capacity 936K, committed 1024K, reserved 1048576K
}
Event: 1.303 GC heap before
{Heap before GC invocations=2 (full 0):
 PSYoungGen      total 35840K, used 33901K [0x00000000d8300000, 0x00000000dab00000, 0x0000000100000000)
  eden space 30720K, 100% used [0x00000000d8300000,0x00000000da100000,0x00000000da100000)
  from space 5120K, 62% used [0x00000000da100000,0x00000000da41b628,0x00000000da600000)
  to   space 5120K, 0% used [0x00000000da600000,0x00000000da600000,0x00000000dab00000)
 ParOldGen       total 81920K, used 8K [0x0000000088800000, 0x000000008d800000, 0x00000000d8300000)
  object space 81920K, 0% used [0x0000000088800000,0x0000000088802000,0x000000008d800000)
 Metaspace       used 10734K, capacity 11066K, committed 11264K, reserved 1058816K
  class space    used 1384K, capacity 1490K, committed 1536K, reserved 1048576K
Event: 1.313 GC heap after
Heap after GC invocations=2 (full 0):
 PSYoungGen      total 35840K, used 5065K [0x00000000d8300000, 0x00000000dab00000, 0x0000000100000000)
  eden space 30720K, 0% used [0x00000000d8300000,0x00000000d8300000,0x00000000da100000)
  from space 5120K, 98% used [0x00000000da600000,0x00000000daaf27e0,0x00000000dab00000)
  to   space 5120K, 0% used [0x00000000da100000,0x00000000da100000,0x00000000da600000)
 ParOldGen       total 81920K, used 16K [0x0000000088800000, 0x000000008d800000, 0x00000000d8300000)
  object space 81920K, 0% used [0x0000000088800000,0x0000000088804000,0x000000008d800000)
 Metaspace       used 10734K, capacity 11066K, committed 11264K, reserved 1058816K
  class space    used 1384K, capacity 1490K, committed 1536K, reserved 1048576K
}

Deoptimization events (10 events):
Event: 1.641 Thread 0x0000000019e93000 Uncommon trap: reason=class_check action=maybe_recompile pc=0x0000000002f7c490 method=sun.misc.URLClassPath.getLoader(I)Lsun/misc/URLClassPath$Loader; @ 94
Event: 1.641 Thread 0x0000000019e93000 Uncommon trap: reason=class_check action=maybe_recompile pc=0x0000000002f7c7e4 method=sun.misc.URLClassPath.getLoader(I)Lsun/misc/URLClassPath$Loader; @ 239
Event: 1.641 Thread 0x0000000019e93000 Uncommon trap: reason=class_check action=maybe_recompile pc=0x0000000002f6c144 method=sun.misc.URLClassPath.getResource(Ljava/lang/String;Z)Lsun/misc/Resource; @ 62
Event: 1.644 Thread 0x0000000019e93000 Uncommon trap: reason=class_check action=maybe_recompile pc=0x0000000002f7c7e4 method=sun.misc.URLClassPath.getLoader(I)Lsun/misc/URLClassPath$Loader; @ 239
Event: 1.644 Thread 0x0000000019e93000 Uncommon trap: reason=class_check action=maybe_recompile pc=0x0000000002f6c144 method=sun.misc.URLClassPath.getResource(Ljava/lang/String;Z)Lsun/misc/Resource; @ 62
Event: 1.668 Thread 0x0000000019e93000 Uncommon trap: reason=class_check action=maybe_recompile pc=0x0000000002f7c7e4 method=sun.misc.URLClassPath.getLoader(I)Lsun/misc/URLClassPath$Loader; @ 239
Event: 1.668 Thread 0x0000000019e93000 Uncommon trap: reason=class_check action=maybe_recompile pc=0x0000000002f6c144 method=sun.misc.URLClassPath.getResource(Ljava/lang/String;Z)Lsun/misc/Resource; @ 62
Event: 1.669 Thread 0x0000000019e93000 Uncommon trap: reason=class_check action=maybe_recompile pc=0x0000000002f78f04 method=sun.misc.URLClassPath.getLoader(I)Lsun/misc/URLClassPath$Loader; @ 239
Event: 1.669 Thread 0x0000000019e93000 Uncommon trap: reason=class_check action=maybe_recompile pc=0x0000000002f6c144 method=sun.misc.URLClassPath.getResource(Ljava/lang/String;Z)Lsun/misc/Resource; @ 62
Event: 1.708 Thread 0x0000000019e93000 Uncommon trap: reason=unstable_if action=reinterpret pc=0x0000000002fc07bc method=java.net.URI.match(CJJ)Z @ 45

Classes redefined (0 events):
No events

Internal exceptions (10 events):
Event: 1.807 Thread 0x0000000019e93000 Exception <a 'java/lang/ArrayIndexOutOfBoundsException'> (0x00000000d9c279e8) thrown at [C:\re\workspace\8-2-build-windows-amd64-cygwin\jdk8u181\11358\hotspot\src\share\vm\runtime\sharedRuntime.cpp, line 605]
Event: 1.807 Thread 0x0000000019e93000 Exception <a 'java/lang/ArrayIndexOutOfBoundsException'> (0x00000000d9c28ca8) thrown at [C:\re\workspace\8-2-build-windows-amd64-cygwin\jdk8u181\11358\hotspot\src\share\vm\runtime\sharedRuntime.cpp, line 605]
Event: 1.808 Thread 0x0000000019e93000 Exception <a 'java/lang/ArrayIndexOutOfBoundsException'> (0x00000000d9c29c58) thrown at [C:\re\workspace\8-2-build-windows-amd64-cygwin\jdk8u181\11358\hotspot\src\share\vm\runtime\sharedRuntime.cpp, line 605]
Event: 1.808 Thread 0x0000000019e93000 Exception <a 'java/lang/ArrayIndexOutOfBoundsException'> (0x00000000d9c2ac08) thrown at [C:\re\workspace\8-2-build-windows-amd64-cygwin\jdk8u181\11358\hotspot\src\share\vm\runtime\sharedRuntime.cpp, line 605]
Event: 1.808 Thread 0x0000000019e93000 Exception <a 'java/lang/ArrayIndexOutOfBoundsException'> (0x00000000d9c2beb0) thrown at [C:\re\workspace\8-2-build-windows-amd64-cygwin\jdk8u181\11358\hotspot\src\share\vm\runtime\sharedRuntime.cpp, line 605]
Event: 1.808 Thread 0x0000000019e93000 Exception <a 'java/lang/ArrayIndexOutOfBoundsException'> (0x00000000d9c2ced0) thrown at [C:\re\workspace\8-2-build-windows-amd64-cygwin\jdk8u181\11358\hotspot\src\share\vm\runtime\sharedRuntime.cpp, line 605]
Event: 1.808 Thread 0x0000000019e93000 Exception <a 'java/lang/ArrayIndexOutOfBoundsException'> (0x00000000d9c2def0) thrown at [C:\re\workspace\8-2-build-windows-amd64-cygwin\jdk8u181\11358\hotspot\src\share\vm\runtime\sharedRuntime.cpp, line 605]
Event: 1.808 Thread 0x0000000019e93000 Exception <a 'java/lang/ArrayIndexOutOfBoundsException'> (0x00000000d9c2f080) thrown at [C:\re\workspace\8-2-build-windows-amd64-cygwin\jdk8u181\11358\hotspot\src\share\vm\runtime\sharedRuntime.cpp, line 605]
Event: 1.808 Thread 0x0000000019e93000 Exception <a 'java/lang/ArrayIndexOutOfBoundsException'> (0x00000000d9c30a50) thrown at [C:\re\workspace\8-2-build-windows-amd64-cygwin\jdk8u181\11358\hotspot\src\share\vm\runtime\sharedRuntime.cpp, line 605]
Event: 1.809 Thread 0x0000000019e93000 Exception <a 'java/lang/ArrayIndexOutOfBoundsException'> (0x00000000d9c323e8) thrown at [C:\re\workspace\8-2-build-windows-amd64-cygwin\jdk8u181\11358\hotspot\src\share\vm\runtime\sharedRuntime.cpp, line 605]

Events (10 events):
Event: 1.826 loading class org/codehaus/groovy/transform/ASTTransformationVisitor
Event: 1.826 loading class org/codehaus/groovy/transform/ASTTransformationVisitor done
Event: 1.827 loading class org/codehaus/groovy/transform/ASTTransformationVisitor$3
Event: 1.827 loading class org/codehaus/groovy/transform/ASTTransformationVisitor$3 done
Event: 1.827 loading class org/codehaus/groovy/transform/ASTTransformationVisitor$1
Event: 1.827 loading class org/codehaus/groovy/transform/ASTTransformationVisitor$1 done
Event: 1.827 loading class org/codehaus/groovy/transform/ASTTransformationVisitor$2
Event: 1.827 loading class org/codehaus/groovy/transform/ASTTransformationVisitor$2 done
Event: 1.830 Thread 0x0000000019e93000 DEOPT PACKING pc=0x0000000002f0024c sp=0x000000001ad3b5b0
Event: 1.830 Thread 0x0000000019e93000 DEOPT UNPACKING pc=0x0000000002c77890 sp=0x000000001ad3b428 mode 0


Dynamic libraries:
0x00007ff7caad0000 - 0x00007ff7cab07000 	D:\java\jdk1.8.0_181\bin\java.exe
0x00007ff81b360000 - 0x00007ff81b541000 	C:\WINDOWS\SYSTEM32\ntdll.dll
0x00007ff818eb0000 - 0x00007ff818f61000 	C:\WINDOWS\System32\KERNEL32.DLL
0x00007ff8183d0000 - 0x00007ff818643000 	C:\WINDOWS\System32\KERNELBASE.dll
0x00007ff81a3c0000 - 0x00007ff81a461000 	C:\WINDOWS\System32\ADVAPI32.dll
0x00007ff81b000000 - 0x00007ff81b09e000 	C:\WINDOWS\System32\msvcrt.dll
0x00007ff818be0000 - 0x00007ff818c3b000 	C:\WINDOWS\System32\sechost.dll
0x00007ff81a600000 - 0x00007ff81a724000 	C:\WINDOWS\System32\RPCRT4.dll
0x00007ff81a9c0000 - 0x00007ff81ab50000 	C:\WINDOWS\System32\USER32.dll
0x00007ff818360000 - 0x00007ff818380000 	C:\WINDOWS\System32\win32u.dll
0x00007ff8187f0000 - 0x00007ff818818000 	C:\WINDOWS\System32\GDI32.dll
0x00007ff818650000 - 0x00007ff8187e1000 	C:\WINDOWS\System32\gdi32full.dll
0x00007ff817730000 - 0x00007ff8177cf000 	C:\WINDOWS\System32\msvcp_win.dll
0x00007ff818070000 - 0x00007ff818168000 	C:\WINDOWS\System32\ucrtbase.dll
0x00007ff800680000 - 0x00007ff8008e9000 	C:\WINDOWS\WinSxS\amd64_microsoft.windows.common-controls_6595b64144ccf1df_6.0.17134.885_none_fb42a3473065565f\COMCTL32.dll
0x00007ff8188b0000 - 0x00007ff818bd2000 	C:\WINDOWS\System32\combase.dll
0x00007ff8178e0000 - 0x00007ff817959000 	C:\WINDOWS\System32\bcryptPrimitives.dll
0x00007ff818820000 - 0x00007ff81884d000 	C:\WINDOWS\System32\IMM32.DLL
0x00000000685d0000 - 0x00000000686a2000 	D:\java\jdk1.8.0_181\jre\bin\msvcr100.dll
0x0000000067d20000 - 0x00000000685c2000 	D:\java\jdk1.8.0_181\jre\bin\server\jvm.dll
0x00007ff818f70000 - 0x00007ff818f78000 	C:\WINDOWS\System32\PSAPI.DLL
0x00007ff80d010000 - 0x00007ff80d033000 	C:\WINDOWS\SYSTEM32\WINMM.dll
0x00007ff8162d0000 - 0x00007ff8162da000 	C:\WINDOWS\SYSTEM32\VERSION.dll
0x00007ff8162c0000 - 0x00007ff8162c9000 	C:\WINDOWS\SYSTEM32\WSOCK32.dll
0x00007ff81a940000 - 0x00007ff81a9ac000 	C:\WINDOWS\System32\WS2_32.dll
0x00007ff80cfe0000 - 0x00007ff80d00a000 	C:\WINDOWS\SYSTEM32\winmmbase.dll
0x00007ff818380000 - 0x00007ff8183c9000 	C:\WINDOWS\System32\cfgmgr32.dll
0x000000006a8e0000 - 0x000000006a8ef000 	D:\java\jdk1.8.0_181\jre\bin\verify.dll
0x0000000067cf0000 - 0x0000000067d19000 	D:\java\jdk1.8.0_181\jre\bin\java.dll
0x000000006a8c0000 - 0x000000006a8d6000 	D:\java\jdk1.8.0_181\jre\bin\zip.dll
0x00007ff818f80000 - 0x00007ff81a3c0000 	C:\WINDOWS\System32\SHELL32.dll
0x00007ff81a730000 - 0x00007ff81a7d9000 	C:\WINDOWS\System32\shcore.dll
0x00007ff817960000 - 0x00007ff81806d000 	C:\WINDOWS\System32\windows.storage.dll
0x00007ff81b0a0000 - 0x00007ff81b0f1000 	C:\WINDOWS\System32\shlwapi.dll
0x00007ff817710000 - 0x00007ff817721000 	C:\WINDOWS\System32\kernel.appcore.dll
0x00007ff8176d0000 - 0x00007ff8176ef000 	C:\WINDOWS\System32\profapi.dll
0x00007ff817670000 - 0x00007ff8176bc000 	C:\WINDOWS\System32\powrprof.dll
0x00007ff8176c0000 - 0x00007ff8176ca000 	C:\WINDOWS\System32\FLTLIB.DLL
0x0000000067cd0000 - 0x0000000067cea000 	D:\java\jdk1.8.0_181\jre\bin\net.dll
0x00007ff816e70000 - 0x00007ff816ed6000 	C:\WINDOWS\system32\mswsock.dll
0x0000000067cb0000 - 0x0000000067cc1000 	D:\java\jdk1.8.0_181\jre\bin\nio.dll
0x00007ff812060000 - 0x00007ff81207e000 	C:\Users\wxb\.gradle\native\25\windows-amd64\native-platform.dll
0x00007ff817020000 - 0x00007ff817037000 	C:\WINDOWS\SYSTEM32\CRYPTSP.dll
0x00007ff816a60000 - 0x00007ff816a93000 	C:\WINDOWS\system32\rsaenh.dll
0x00007ff817150000 - 0x00007ff817175000 	C:\WINDOWS\SYSTEM32\bcrypt.dll
0x00007ff8175a0000 - 0x00007ff8175c8000 	C:\WINDOWS\SYSTEM32\USERENV.dll
0x00007ff817040000 - 0x00007ff81704b000 	C:\WINDOWS\SYSTEM32\CRYPTBASE.dll
0x00007ff816c00000 - 0x00007ff816c38000 	C:\WINDOWS\SYSTEM32\IPHLPAPI.DLL
0x00007ff81a470000 - 0x00007ff81a478000 	C:\WINDOWS\System32\NSI.dll
0x00007ff810e20000 - 0x00007ff810e36000 	C:\WINDOWS\SYSTEM32\dhcpcsvc6.DLL
0x00007ff810db0000 - 0x00007ff810dca000 	C:\WINDOWS\SYSTEM32\dhcpcsvc.DLL

VM Arguments:
jvm_args: -Djava.security.manager=worker.org.gradle.process.internal.worker.child.BootstrapSecurityManager -Dfile.encoding=GBK -Duser.country=CN -Duser.language=zh -Duser.variant 
java_command: worker.org.gradle.process.internal.worker.GradleWorkerMain 'Gradle Worker Daemon 11'
java_class_path (initial): C:\Users\wxb\.gradle\caches\4.6\workerMain\gradle-worker.jar
Launcher Type: SUN_STANDARD

Environment Variables:
JAVA_HOME=D:\java\jdk1.8.0_181
CLASSPATH=.;D:\java\jdk1.8.0_181\lib;D:\java\jdk1.8.0_181\lib\tools.jar
PATH=C:\WINDOWS\system32;C:\WINDOWS;C:\WINDOWS\System32\Wbem;C:\WINDOWS\System32\WindowsPowerShell\v1.0\;C:\WINDOWS\system32\config\systemprofile\.dnx\bin;C:\Program Files\Microsoft DNX\Dnvm\;C:\Program Files\Microsoft SQL Server\130\Tools\Binn\;C:\WINDOWS\System32\OpenSSH\;D:\java\jdk1.8.0_181\bin;D:\java\jre\bin;C:\Program Files\Git\cmd;D:\Android Studio3\install\gradle\gradle-4.1\bin;C:\Users\wxb\AppData\Local\Android\Sdk\platform-tools;D:\Python27;C:\TDM-GCC-64\bin;D:\Program Files\nodejs\;C:\ProgramData\chocolatey\bin;C:\Program Files (x86)\Yarn\bin\;C:\Users\wxb\AppData\Local\Android\Sdk\platform-tools;D:\nexus-3.15.2-01-win64\nexus-3.15.2-01\bin;C:\Users\wxb\AppData\Local\Microsoft\WindowsApps;C:\ProgramData\Oracle\Java\javapath;C:\Users\wxb\AppData\Local\GitHubDesktop\bin;D:\java\jdk1.8.0_181\bin;D:\java\jre\bin;D:\Android Studio3\install\gradle\gradle-4.1\bin;D:\Python27;C:\Users\wxb\AppData\Roaming\npm;C:\Users\wxb\AppData\Local\Yarn\bin;C:\Users\wxb\AppData\Local\Android\Sdk\platform-tools;D:\vscode\Microsoft VS Code\bin;D:\nexus-3.15.2-01-win64\nexus-3.15.2-01\bin;
USERNAME=wxb
OS=Windows_NT
PROCESSOR_IDENTIFIER=Intel64 Family 6 Model 78 Stepping 3, GenuineIntel



---------------  S Y S T E M  ---------------

OS: Windows 10.0 , 64 bit Build 17134 (10.0.17134.753)

CPU:total 4 (initial active 4) (2 cores per cpu, 2 threads per core) family 6 model 78 stepping 3, cmov, cx8, fxsr, mmx, sse, sse2, sse3, ssse3, sse4.1, sse4.2, popcnt, avx, avx2, aes, clmul, erms, 3dnowpref, lzcnt, ht, tsc, tscinvbit, bmi1, bmi2, adx

Memory: 4k page, physical 7829660k(1040980k free), swap 14801424k(4976k free)

vm_info: Java HotSpot(TM) 64-Bit Server VM (25.181-b13) for windows-amd64 JRE (1.8.0_181-b13), built on Jul  7 2018 04:01:33 by "java_re" with MS VC++ 10.0 (VS2010)

time: Tue Aug 06 17:04:51 2019
elapsed time: 1 seconds (0d 0h 0m 1s)

